<?xml version="1.0" encoding="UTF-8"?>
<testsuite name="me.ramos.MoimTest" tests="1" skipped="0" failures="0" errors="0" timestamp="2022-02-13T14:06:14" hostname="Ramos-MacBookPro.local" time="0.01">
  <properties/>
  <testcase name="isFull()" classname="me.ramos.MoimTest" time="0.01"/>
  <system-out><![CDATA[]]></system-out>
  <system-err><![CDATA[]]></system-err>
</testsuite>
